#-----------------------------------------------------------
# Vivado v2017.4 (64-bit)
# SW Build 2086221 on Fri Dec 15 20:55:39 MST 2017
# IP Build 2085800 on Fri Dec 15 22:25:07 MST 2017
# Start of session at: Tue Jun  4 23:22:37 2024
# Process ID: 12292
# Current directory: C:/Users/dengkaixuan/vivado_project/CS202Project
# Command line: vivado.exe -gui_launcher_event rodinguilauncherevent5676 C:\Users\dengkaixuan\vivado_project\CS202Project\CO_project.xpr
# Log file: C:/Users/dengkaixuan/vivado_project/CS202Project/vivado.log
# Journal file: C:/Users/dengkaixuan/vivado_project/CS202Project\vivado.jou
#-----------------------------------------------------------
start_gui
open_project C:/Users/dengkaixuan/vivado_project/CS202Project/CO_project.xpr
Scanning sources...
Finished scanning sources
WARNING: [filemgmt 56-3] IP Repository Path: Could not find the directory 'C:/../Users/HP/Downloads/SEU_CSE_507_user_uart_bmpg_1.3/SEU_CSE_507_user_uart_bmpg_1.3'.
INFO: [IP_Flow 19-234] Refreshing IP repositories
WARNING: [IP_Flow 19-2248] Failed to load user IP repository 'c:Users/HP/Downloads/SEU_CSE_507_user_uart_bmpg_1.3/SEU_CSE_507_user_uart_bmpg_1.3'; Can't find the specified path.
If this directory should no longer be in your list of user repositories, go to the IP Settings dialog and remove it.
INFO: [IP_Flow 19-2313] Loaded Vivado IP repository 'C:/CS/Vivado/2017.4/data/ip'.
WARNING: [IP_Flow 19-2162] IP 'uart_bmpg_0' is locked:
* IP definition 'uart_bmpg (1.3)' for IP 'uart_bmpg_0' (customized with software release 2017.4) was not found in the IP Catalog.
Please select 'Report IP Status' from the 'Tools/Report' menu or run Tcl command 'report_ip_status' for more information.
open_project: Time (s): cpu = 00:00:15 ; elapsed = 00:00:12 . Memory (MB): peak = 784.289 ; gain = 68.078
update_compile_order -fileset sources_1
